<?xml version="1.0" encoding="UTF-8"?>
<!-- Generated by org.testng.reporters.JUnitReportReporter -->
<testsuite skipped="4" hostname="seregas-mbp.lan" name="serega.AddReportsFirefox" tests="5" failures="0" timestamp="07 May 2018 20:14:08 GMT" time="45.857" errors="1">
  <testcase name="setUp" time="45.857" classname="serega.AddReportsFirefox">
    <error type="org.openqa.selenium.WebDriverException" message="Failed to connect to binary FirefoxBinary(/Applications/Firefox.app/Contents/MacOS/firefox-bin) on port 7055; process output follows: 
ve.addons.json	DEBUG	Write succeeded
1525724004953	addons.manager	DEBUG	Starting provider: &lt;unnamed-provider&gt;
1525724004953	addons.manager	DEBUG	Registering shutdown blocker for &lt;unnamed-provider&gt;
1525724004953	addons.manager	DEBUG	Provider finished startup: &lt;unnamed-provider&gt;
1525724004955	addons.xpi	DEBUG	Ignoring file entry whose name is not a valid add-on ID: /var/folders/h3/4n_fm7gs67x3sbdt78z670w00000gp/T/anonymous6596892175619340384webdriver-profile/extensions/webdriver-staging
1525724004955	addons.xpi	INFO	Mapping fxdriver@googlecode.com to /var/folders/h3/4n_fm7gs67x3sbdt78z670w00000gp/T/anonymous6596892175619340384webdriver-profile/extensions/fxdriver@googlecode.com
1525724004956	addons.xpi	DEBUG	Existing add-on fxdriver@googlecode.com in app-profile
1525724004958	addons.xpi	INFO	Mapping screenshots@mozilla.org to /Applications/Firefox.app/Contents/Resources/browser/features/screenshots@mozilla.org.xpi
1525724004958	addons.xpi	INFO	Mapping webcompat@mozilla.org to /Applications/Firefox.app/Contents/Resources/browser/features/webcompat@mozilla.org.xpi
1525724004958	addons.xpi	INFO	Mapping firefox@getpocket.com to /Applications/Firefox.app/Contents/Resources/browser/features/firefox@getpocket.com.xpi
1525724004958	addons.xpi	INFO	Mapping followonsearch@mozilla.com to /Applications/Firefox.app/Contents/Resources/browser/features/followonsearch@mozilla.com.xpi
1525724004958	addons.xpi	INFO	Mapping aushelper@mozilla.org to /Applications/Firefox.app/Contents/Resources/browser/features/aushelper@mozilla.org.xpi
1525724004958	addons.xpi	INFO	Mapping shield-recipe-client@mozilla.org to /Applications/Firefox.app/Contents/Resources/browser/features/shield-recipe-client@mozilla.org.xpi
1525724004958	addons.xpi	INFO	Mapping e10srollout@mozilla.org to /Applications/Firefox.app/Contents/Resources/browser/features/e10srollout@mozilla.org.xpi
1525724004958	addons.xpi	INFO	Mapping clicktoplay-rollout@mozilla.org to /Applications/Firefox.app/Contents/Resources/browser/features/clicktoplay-rollout@mozilla.org.xpi
1525724004958	addons.xpi	DEBUG	Existing add-on screenshots@mozilla.org in app-system-defaults
1525724004959	addons.xpi	DEBUG	Existing add-on webcompat@mozilla.org in app-system-defaults
1525724004959	addons.xpi	DEBUG	Existing add-on firefox@getpocket.com in app-system-defaults
1525724004959	addons.xpi	DEBUG	Existing add-on followonsearch@mozilla.com in app-system-defaults
1525724004959	addons.xpi	DEBUG	Existing add-on aushelper@mozilla.org in app-system-defaults
1525724004959	addons.xpi	DEBUG	Existing add-on shield-recipe-client@mozilla.org in app-system-defaults
1525724004960	addons.xpi	DEBUG	Existing add-on e10srollout@mozilla.org in app-system-defaults
1525724004960	addons.xpi	DEBUG	Existing add-on clicktoplay-rollout@mozilla.org in app-system-defaults
1525724004960	addons.xpi	INFO	Mapping {972ce4c6-7e08-4474-a285-3208198ce6fd} to /Applications/Firefox.app/Contents/Resources/browser/extensions/{972ce4c6-7e08-4474-a285-3208198ce6fd}.xpi
1525724004960	addons.xpi	DEBUG	Existing add-on {972ce4c6-7e08-4474-a285-3208198ce6fd} in app-global
1525724004961	addons.xpi	DEBUG	getInstallState changed: false, state: {}
1525724005012	addons.productaddons	INFO	sending request to: https://aus5.mozilla.org/update/3/GMP/55.0/20170803105720/Darwin_x86_64-gcc3/en-US/release/Darwin%2017.3.0/default/default/update.xml
2018-05-07 13:13:25.093 plugin-container[48365:4168034] *** CFMessagePort: bootstrap_register(): failed 1100 (0x44c) &#039;Permission denied&#039;, port = 0x7127, name = &#039;com.apple.tsm.portname&#039;
See /usr/include/servers/bootstrap_defs.h for the error codes.
1525724005151	addons.productaddons	INFO	Completed downloading document
1525724005508	addons.productaddons	INFO	downloadXHR File download. status=200
1525724005523	addons.productaddons	INFO	Downloaded file will be saved to /var/folders/h3/4n_fm7gs67x3sbdt78z670w00000gp/T/tmpaddon
1525724006643	addons.productaddons	INFO	downloadXHR File download. status=200
1525724006645	addons.productaddons	INFO	Downloaded file will be saved to /var/folders/h3/4n_fm7gs67x3sbdt78z670w00000gp/T/tmpaddon

Build info: version: &#039;2.53.1&#039;, revision: &#039;a36b8b1cd5757287168e54b817830adce9b0158d&#039;, time: &#039;2016-06-30 19:26:09&#039;
System info: host: &#039;seregas-mbp.lan&#039;, ip: &#039;192.168.86.234&#039;, os.name: &#039;Mac OS X&#039;, os.arch: &#039;x86_64&#039;, os.version: &#039;10.13.2&#039;, java.version: &#039;1.8.0_161&#039;
Driver info: driver.version: FirefoxDriver">
      <![CDATA[org.openqa.selenium.WebDriverException: Failed to connect to binary FirefoxBinary(/Applications/Firefox.app/Contents/MacOS/firefox-bin) on port 7055; process output follows: 
ve.addons.jsonDEBUGWrite succeeded
1525724004953addons.managerDEBUGStarting provider: <unnamed-provider>
1525724004953addons.managerDEBUGRegistering shutdown blocker for <unnamed-provider>
1525724004953addons.managerDEBUGProvider finished startup: <unnamed-provider>
1525724004955addons.xpiDEBUGIgnoring file entry whose name is not a valid add-on ID: /var/folders/h3/4n_fm7gs67x3sbdt78z670w00000gp/T/anonymous6596892175619340384webdriver-profile/extensions/webdriver-staging
1525724004955addons.xpiINFOMapping fxdriver@googlecode.com to /var/folders/h3/4n_fm7gs67x3sbdt78z670w00000gp/T/anonymous6596892175619340384webdriver-profile/extensions/fxdriver@googlecode.com
1525724004956addons.xpiDEBUGExisting add-on fxdriver@googlecode.com in app-profile
1525724004958addons.xpiINFOMapping screenshots@mozilla.org to /Applications/Firefox.app/Contents/Resources/browser/features/screenshots@mozilla.org.xpi
1525724004958addons.xpiINFOMapping webcompat@mozilla.org to /Applications/Firefox.app/Contents/Resources/browser/features/webcompat@mozilla.org.xpi
1525724004958addons.xpiINFOMapping firefox@getpocket.com to /Applications/Firefox.app/Contents/Resources/browser/features/firefox@getpocket.com.xpi
1525724004958addons.xpiINFOMapping followonsearch@mozilla.com to /Applications/Firefox.app/Contents/Resources/browser/features/followonsearch@mozilla.com.xpi
1525724004958addons.xpiINFOMapping aushelper@mozilla.org to /Applications/Firefox.app/Contents/Resources/browser/features/aushelper@mozilla.org.xpi
1525724004958addons.xpiINFOMapping shield-recipe-client@mozilla.org to /Applications/Firefox.app/Contents/Resources/browser/features/shield-recipe-client@mozilla.org.xpi
1525724004958addons.xpiINFOMapping e10srollout@mozilla.org to /Applications/Firefox.app/Contents/Resources/browser/features/e10srollout@mozilla.org.xpi
1525724004958addons.xpiINFOMapping clicktoplay-rollout@mozilla.org to /Applications/Firefox.app/Contents/Resources/browser/features/clicktoplay-rollout@mozilla.org.xpi
1525724004958addons.xpiDEBUGExisting add-on screenshots@mozilla.org in app-system-defaults
1525724004959addons.xpiDEBUGExisting add-on webcompat@mozilla.org in app-system-defaults
1525724004959addons.xpiDEBUGExisting add-on firefox@getpocket.com in app-system-defaults
1525724004959addons.xpiDEBUGExisting add-on followonsearch@mozilla.com in app-system-defaults
1525724004959addons.xpiDEBUGExisting add-on aushelper@mozilla.org in app-system-defaults
1525724004959addons.xpiDEBUGExisting add-on shield-recipe-client@mozilla.org in app-system-defaults
1525724004960addons.xpiDEBUGExisting add-on e10srollout@mozilla.org in app-system-defaults
1525724004960addons.xpiDEBUGExisting add-on clicktoplay-rollout@mozilla.org in app-system-defaults
1525724004960addons.xpiINFOMapping {972ce4c6-7e08-4474-a285-3208198ce6fd} to /Applications/Firefox.app/Contents/Resources/browser/extensions/{972ce4c6-7e08-4474-a285-3208198ce6fd}.xpi
1525724004960addons.xpiDEBUGExisting add-on {972ce4c6-7e08-4474-a285-3208198ce6fd} in app-global
1525724004961addons.xpiDEBUGgetInstallState changed: false, state: {}
1525724005012addons.productaddonsINFOsending request to: https://aus5.mozilla.org/update/3/GMP/55.0/20170803105720/Darwin_x86_64-gcc3/en-US/release/Darwin%2017.3.0/default/default/update.xml
2018-05-07 13:13:25.093 plugin-container[48365:4168034] *** CFMessagePort: bootstrap_register(): failed 1100 (0x44c) 'Permission denied', port = 0x7127, name = 'com.apple.tsm.portname'
See /usr/include/servers/bootstrap_defs.h for the error codes.
1525724005151addons.productaddonsINFOCompleted downloading document
1525724005508addons.productaddonsINFOdownloadXHR File download. status=200
1525724005523addons.productaddonsINFODownloaded file will be saved to /var/folders/h3/4n_fm7gs67x3sbdt78z670w00000gp/T/tmpaddon
1525724006643addons.productaddonsINFOdownloadXHR File download. status=200
1525724006645addons.productaddonsINFODownloaded file will be saved to /var/folders/h3/4n_fm7gs67x3sbdt78z670w00000gp/T/tmpaddon

Build info: version: '2.53.1', revision: 'a36b8b1cd5757287168e54b817830adce9b0158d', time: '2016-06-30 19:26:09'
System info: host: 'seregas-mbp.lan', ip: '192.168.86.234', os.name: 'Mac OS X', os.arch: 'x86_64', os.version: '10.13.2', java.version: '1.8.0_161'
Driver info: driver.version: FirefoxDriver
at org.openqa.selenium.firefox.internal.NewProfileExtensionConnection.start(NewProfileExtensionConnection.java:125)
at org.openqa.selenium.firefox.FirefoxDriver.startClient(FirefoxDriver.java:271)
at org.openqa.selenium.remote.RemoteWebDriver.<init>(RemoteWebDriver.java:119)
at org.openqa.selenium.firefox.FirefoxDriver.<init>(FirefoxDriver.java:216)
at org.openqa.selenium.firefox.FirefoxDriver.<init>(FirefoxDriver.java:211)
at org.openqa.selenium.firefox.FirefoxDriver.<init>(FirefoxDriver.java:207)
at org.openqa.selenium.firefox.FirefoxDriver.<init>(FirefoxDriver.java:120)
at serega.AddReportsFirefox.setUp(AddReportsFirefox.java:22)
at sun.reflect.NativeMethodAccessorImpl.invoke0(Native Method)
at sun.reflect.NativeMethodAccessorImpl.invoke(NativeMethodAccessorImpl.java:62)
at sun.reflect.DelegatingMethodAccessorImpl.invoke(DelegatingMethodAccessorImpl.java:43)
at java.lang.reflect.Method.invoke(Method.java:498)
at org.testng.internal.MethodInvocationHelper.invokeMethod(MethodInvocationHelper.java:124)
at org.testng.internal.MethodInvocationHelper.invokeMethodConsideringTimeout(MethodInvocationHelper.java:59)
at org.testng.internal.Invoker.invokeConfigurationMethod(Invoker.java:458)
at org.testng.internal.Invoker.invokeConfigurations(Invoker.java:222)
at org.testng.internal.Invoker.invokeConfigurations(Invoker.java:142)
at org.testng.TestRunner.beforeRun(TestRunner.java:529)
at org.testng.TestRunner.run(TestRunner.java:497)
at org.testng.SuiteRunner.runTest(SuiteRunner.java:455)
at org.testng.SuiteRunner.runSequentially(SuiteRunner.java:450)
at org.testng.SuiteRunner.privateRun(SuiteRunner.java:415)
at org.testng.SuiteRunner.run(SuiteRunner.java:364)
at org.testng.SuiteRunnerWorker.runSuite(SuiteRunnerWorker.java:52)
at org.testng.SuiteRunnerWorker.run(SuiteRunnerWorker.java:84)
at org.testng.TestNG.runSuitesSequentially(TestNG.java:1208)
at org.testng.TestNG.runSuitesLocally(TestNG.java:1137)
at org.testng.TestNG.runSuites(TestNG.java:1049)
at org.testng.TestNG.run(TestNG.java:1017)
at org.testng.remote.AbstractRemoteTestNG.run(AbstractRemoteTestNG.java:114)
at org.testng.remote.RemoteTestNG.initAndRun(RemoteTestNG.java:251)
at org.testng.remote.RemoteTestNG.main(RemoteTestNG.java:77)
Caused by: org.openqa.selenium.firefox.NotConnectedException: Unable to connect to host 127.0.0.1 on port 7055 after 45000 ms. Firefox console output:
ve.addons.jsonDEBUGWrite succeeded
1525724004953addons.managerDEBUGStarting provider: <unnamed-provider>
1525724004953addons.managerDEBUGRegistering shutdown blocker for <unnamed-provider>
1525724004953addons.managerDEBUGProvider finished startup: <unnamed-provider>
1525724004955addons.xpiDEBUGIgnoring file entry whose name is not a valid add-on ID: /var/folders/h3/4n_fm7gs67x3sbdt78z670w00000gp/T/anonymous6596892175619340384webdriver-profile/extensions/webdriver-staging
1525724004955addons.xpiINFOMapping fxdriver@googlecode.com to /var/folders/h3/4n_fm7gs67x3sbdt78z670w00000gp/T/anonymous6596892175619340384webdriver-profile/extensions/fxdriver@googlecode.com
1525724004956addons.xpiDEBUGExisting add-on fxdriver@googlecode.com in app-profile
1525724004958addons.xpiINFOMapping screenshots@mozilla.org to /Applications/Firefox.app/Contents/Resources/browser/features/screenshots@mozilla.org.xpi
1525724004958addons.xpiINFOMapping webcompat@mozilla.org to /Applications/Firefox.app/Contents/Resources/browser/features/webcompat@mozilla.org.xpi
1525724004958addons.xpiINFOMapping firefox@getpocket.com to /Applications/Firefox.app/Contents/Resources/browser/features/firefox@getpocket.com.xpi
1525724004958addons.xpiINFOMapping followonsearch@mozilla.com to /Applications/Firefox.app/Contents/Resources/browser/features/followonsearch@mozilla.com.xpi
1525724004958addons.xpiINFOMapping aushelper@mozilla.org to /Applications/Firefox.app/Contents/Resources/browser/features/aushelper@mozilla.org.xpi
1525724004958addons.xpiINFOMapping shield-recipe-client@mozilla.org to /Applications/Firefox.app/Contents/Resources/browser/features/shield-recipe-client@mozilla.org.xpi
1525724004958addons.xpiINFOMapping e10srollout@mozilla.org to /Applications/Firefox.app/Contents/Resources/browser/features/e10srollout@mozilla.org.xpi
1525724004958addons.xpiINFOMapping clicktoplay-rollout@mozilla.org to /Applications/Firefox.app/Contents/Resources/browser/features/clicktoplay-rollout@mozilla.org.xpi
1525724004958addons.xpiDEBUGExisting add-on screenshots@mozilla.org in app-system-defaults
1525724004959addons.xpiDEBUGExisting add-on webcompat@mozilla.org in app-system-defaults
1525724004959addons.xpiDEBUGExisting add-on firefox@getpocket.com in app-system-defaults
1525724004959addons.xpiDEBUGExisting add-on followonsearch@mozilla.com in app-system-defaults
1525724004959addons.xpiDEBUGExisting add-on aushelper@mozilla.org in app-system-defaults
1525724004959addons.xpiDEBUGExisting add-on shield-recipe-client@mozilla.org in app-system-defaults
1525724004960addons.xpiDEBUGExisting add-on e10srollout@mozilla.org in app-system-defaults
1525724004960addons.xpiDEBUGExisting add-on clicktoplay-rollout@mozilla.org in app-system-defaults
1525724004960addons.xpiINFOMapping {972ce4c6-7e08-4474-a285-3208198ce6fd} to /Applications/Firefox.app/Contents/Resources/browser/extensions/{972ce4c6-7e08-4474-a285-3208198ce6fd}.xpi
1525724004960addons.xpiDEBUGExisting add-on {972ce4c6-7e08-4474-a285-3208198ce6fd} in app-global
1525724004961addons.xpiDEBUGgetInstallState changed: false, state: {}
1525724005012addons.productaddonsINFOsending request to: https://aus5.mozilla.org/update/3/GMP/55.0/20170803105720/Darwin_x86_64-gcc3/en-US/release/Darwin%2017.3.0/default/default/update.xml
2018-05-07 13:13:25.093 plugin-container[48365:4168034] *** CFMessagePort: bootstrap_register(): failed 1100 (0x44c) 'Permission denied', port = 0x7127, name = 'com.apple.tsm.portname'
See /usr/include/servers/bootstrap_defs.h for the error codes.
1525724005151addons.productaddonsINFOCompleted downloading document
1525724005508addons.productaddonsINFOdownloadXHR File download. status=200
1525724005523addons.productaddonsINFODownloaded file will be saved to /var/folders/h3/4n_fm7gs67x3sbdt78z670w00000gp/T/tmpaddon
1525724006643addons.productaddonsINFOdownloadXHR File download. status=200
1525724006645addons.productaddonsINFODownloaded file will be saved to /var/folders/h3/4n_fm7gs67x3sbdt78z670w00000gp/T/tmpaddon

at org.openqa.selenium.firefox.internal.NewProfileExtensionConnection.start(NewProfileExtensionConnection.java:113)
... 31 more
]]>
    </error>
  </testcase> <!-- setUp -->
  <testcase name="testCaseID" time="0.000" classname="serega.AddReportsFirefox">
    <skipped/>
  </testcase> <!-- testCaseID -->
  <testcase name="lastName" time="0.000" classname="serega.AddReportsFirefox">
    <skipped/>
  </testcase> <!-- lastName -->
  <testcase name="location" time="0.000" classname="serega.AddReportsFirefox">
    <skipped/>
  </testcase> <!-- location -->
  <testcase name="firstName" time="0.000" classname="serega.AddReportsFirefox">
    <skipped/>
  </testcase> <!-- firstName -->
</testsuite> <!-- serega.AddReportsFirefox -->
