<?xml version="1.0" encoding="UTF-8"?>
<!-- Generated by org.testng.reporters.JUnitReportReporter -->
<testsuite skipped="0" hostname="Seregas-MacBook-Pro.local" name="serega.Day21.BeforeTestTest" tests="1" failures="0" timestamp="04 May 2018 02:24:21 GMT" time="6.389" errors="0">
  <testcase name="login" time="6.389" classname="serega.Day21.BeforeTestTest"/>
</testsuite> <!-- serega.Day21.BeforeTestTest -->
