<?xml version="1.0" encoding="UTF-8"?>
<!-- Generated by org.testng.reporters.JUnitReportReporter -->
<testsuite skipped="0" hostname="Seregas-MacBook-Pro.local" name="serega.TestNgTest" tests="2" failures="0" timestamp="30 Apr 2018 21:59:28 GMT" time="0.009" errors="0">
  <testcase name="test2" time="0.001" classname="serega.TestNgTest"/>
  <testcase name="test1" time="0.008" classname="serega.TestNgTest"/>
</testsuite> <!-- serega.TestNgTest -->
