<?xml version="1.0" encoding="UTF-8"?>
<!-- Generated by org.testng.reporters.JUnitReportReporter -->
<testsuite skipped="0" hostname="seregas-mbp.lan" name="serega.newTest" tests="1" failures="0" timestamp="01 May 2018 16:09:25 GMT" time="5.500" errors="0">
  <testcase name="login" time="5.500" classname="serega.newTest"/>
</testsuite> <!-- serega.newTest -->
